{"D:\\JSSCHOOL\\DzmitryI-2019Q1\\piskel-clone\\src\\components\\assetsTransformer.js": {"path":"D:\\JSSCHOOL\\DzmitryI-2019Q1\\piskel-clone\\src\\components\\assetsTransformer.js","statementMap":{"0":{"start":{"line":1,"column":13},"end":{"line":1,"column":28}},"1":{"start":{"line":3,"column":0},"end":{"line":7,"column":2}},"2":{"start":{"line":5,"column":4},"end":{"line":5,"column":79}}},"fnMap":{"0":{"name":"(anonymous_0)","decl":{"start":{"line":4,"column":2},"end":{"line":4,"column":3}},"loc":{"start":{"line":4,"column":42},"end":{"line":6,"column":3}},"line":4}},"branchMap":{},"s":{"0":1,"1":1,"2":0},"f":{"0":0},"b":{},"_coverageSchema":"43e27e138ebf9cfc5966b082cf9a028302ed4184","hash":"076e84d92dbd9d4524b7ea54765f2163b5164b2f"}
,"D:\\JSSCHOOL\\DzmitryI-2019Q1\\piskel-clone\\src\\components\\frame-list\\FrameList.js": {"path":"D:\\JSSCHOOL\\DzmitryI-2019Q1\\piskel-clone\\src\\components\\frame-list\\FrameList.js","statementMap":{"0":{"start":{"line":7,"column":4},"end":{"line":7,"column":25}},"1":{"start":{"line":8,"column":4},"end":{"line":8,"column":26}},"2":{"start":{"line":12,"column":27},"end":{"line":12,"column":69}},"3":{"start":{"line":13,"column":34},"end":{"line":13,"column":63}},"4":{"start":{"line":14,"column":4},"end":{"line":14,"column":104}},"5":{"start":{"line":15,"column":21},"end":{"line":15,"column":53}},"6":{"start":{"line":16,"column":33},"end":{"line":16,"column":65}},"7":{"start":{"line":17,"column":4},"end":{"line":17,"column":69}},"8":{"start":{"line":18,"column":4},"end":{"line":18,"column":50}},"9":{"start":{"line":19,"column":29},"end":{"line":19,"column":61}},"10":{"start":{"line":20,"column":4},"end":{"line":20,"column":67}},"11":{"start":{"line":21,"column":4},"end":{"line":21,"column":46}},"12":{"start":{"line":22,"column":32},"end":{"line":22,"column":63}},"13":{"start":{"line":23,"column":4},"end":{"line":23,"column":79}},"14":{"start":{"line":24,"column":4},"end":{"line":24,"column":101}},"15":{"start":{"line":25,"column":4},"end":{"line":25,"column":40}},"16":{"start":{"line":26,"column":23},"end":{"line":26,"column":55}},"17":{"start":{"line":27,"column":4},"end":{"line":27,"column":60}},"18":{"start":{"line":28,"column":4},"end":{"line":28,"column":40}},"19":{"start":{"line":29,"column":4},"end":{"line":29,"column":27}},"20":{"start":{"line":30,"column":4},"end":{"line":30,"column":28}},"21":{"start":{"line":31,"column":4},"end":{"line":31,"column":67}},"22":{"start":{"line":33,"column":19},"end":{"line":33,"column":71}},"23":{"start":{"line":34,"column":20},"end":{"line":34,"column":43}},"24":{"start":{"line":35,"column":4},"end":{"line":35,"column":57}},"25":{"start":{"line":36,"column":22},"end":{"line":36,"column":66}},"26":{"start":{"line":37,"column":16},"end":{"line":37,"column":41}},"27":{"start":{"line":38,"column":4},"end":{"line":38,"column":57}},"28":{"start":{"line":41,"column":4},"end":{"line":41,"column":60}},"29":{"start":{"line":42,"column":4},"end":{"line":42,"column":56}},"30":{"start":{"line":43,"column":4},"end":{"line":43,"column":59}},"31":{"start":{"line":44,"column":4},"end":{"line":44,"column":50}},"32":{"start":{"line":45,"column":4},"end":{"line":45,"column":48}},"33":{"start":{"line":46,"column":4},"end":{"line":46,"column":66}},"34":{"start":{"line":47,"column":4},"end":{"line":47,"column":76}},"35":{"start":{"line":49,"column":17},"end":{"line":49,"column":56}},"36":{"start":{"line":50,"column":4},"end":{"line":57,"column":7}},"37":{"start":{"line":51,"column":6},"end":{"line":51,"column":73}},"38":{"start":{"line":52,"column":6},"end":{"line":52,"column":73}},"39":{"start":{"line":53,"column":6},"end":{"line":53,"column":71}},"40":{"start":{"line":54,"column":6},"end":{"line":54,"column":73}},"41":{"start":{"line":55,"column":6},"end":{"line":55,"column":63}},"42":{"start":{"line":56,"column":6},"end":{"line":56,"column":69}},"43":{"start":{"line":61,"column":31},"end":{"line":66,"column":5}},"44":{"start":{"line":62,"column":27},"end":{"line":62,"column":85}},"45":{"start":{"line":63,"column":6},"end":{"line":65,"column":7}},"46":{"start":{"line":63,"column":19},"end":{"line":63,"column":20}},"47":{"start":{"line":64,"column":8},"end":{"line":64,"column":38}},"48":{"start":{"line":67,"column":4},"end":{"line":101,"column":5}},"49":{"start":{"line":68,"column":6},"end":{"line":68,"column":78}},"50":{"start":{"line":69,"column":6},"end":{"line":69,"column":27}},"51":{"start":{"line":70,"column":11},"end":{"line":101,"column":5}},"52":{"start":{"line":71,"column":30},"end":{"line":71,"column":53}},"53":{"start":{"line":72,"column":24},"end":{"line":72,"column":59}},"54":{"start":{"line":73,"column":28},"end":{"line":73,"column":67}},"55":{"start":{"line":74,"column":27},"end":{"line":74,"column":52}},"56":{"start":{"line":75,"column":18},"end":{"line":75,"column":47}},"57":{"start":{"line":77,"column":6},"end":{"line":77,"column":119}},"58":{"start":{"line":78,"column":6},"end":{"line":78,"column":82}},"59":{"start":{"line":79,"column":6},"end":{"line":79,"column":27}},"60":{"start":{"line":81,"column":19},"end":{"line":81,"column":72}},"61":{"start":{"line":82,"column":6},"end":{"line":89,"column":9}},"62":{"start":{"line":83,"column":8},"end":{"line":83,"column":75}},"63":{"start":{"line":84,"column":8},"end":{"line":84,"column":75}},"64":{"start":{"line":85,"column":8},"end":{"line":85,"column":73}},"65":{"start":{"line":86,"column":8},"end":{"line":86,"column":75}},"66":{"start":{"line":87,"column":8},"end":{"line":87,"column":65}},"67":{"start":{"line":88,"column":8},"end":{"line":88,"column":71}},"68":{"start":{"line":90,"column":11},"end":{"line":101,"column":5}},"69":{"start":{"line":91,"column":6},"end":{"line":100,"column":7}},"70":{"start":{"line":91,"column":67},"end":{"line":91,"column":107}},"71":{"start":{"line":92,"column":8},"end":{"line":92,"column":129}},"72":{"start":{"line":92,"column":73},"end":{"line":92,"column":127}},"73":{"start":{"line":93,"column":8},"end":{"line":93,"column":79}},"74":{"start":{"line":94,"column":23},"end":{"line":94,"column":75}},"75":{"start":{"line":95,"column":20},"end":{"line":95,"column":43}},"76":{"start":{"line":96,"column":23},"end":{"line":96,"column":35}},"77":{"start":{"line":97,"column":8},"end":{"line":97,"column":57}},"78":{"start":{"line":98,"column":8},"end":{"line":98,"column":42}},"79":{"start":{"line":99,"column":8},"end":{"line":99,"column":100}},"80":{"start":{"line":102,"column":4},"end":{"line":102,"column":37}},"81":{"start":{"line":106,"column":4},"end":{"line":106,"column":45}},"82":{"start":{"line":108,"column":4},"end":{"line":108,"column":48}},"83":{"start":{"line":112,"column":4},"end":{"line":112,"column":41}},"84":{"start":{"line":117,"column":4},"end":{"line":117,"column":27}},"85":{"start":{"line":121,"column":4},"end":{"line":121,"column":44}},"86":{"start":{"line":125,"column":27},"end":{"line":125,"column":69}},"87":{"start":{"line":126,"column":4},"end":{"line":126,"column":37}},"88":{"start":{"line":127,"column":4},"end":{"line":132,"column":5}},"89":{"start":{"line":128,"column":20},"end":{"line":128,"column":62}},"90":{"start":{"line":129,"column":6},"end":{"line":129,"column":72}},"91":{"start":{"line":129,"column":38},"end":{"line":129,"column":72}},"92":{"start":{"line":130,"column":18},"end":{"line":130,"column":86}},"93":{"start":{"line":131,"column":6},"end":{"line":131,"column":48}},"94":{"start":{"line":137,"column":4},"end":{"line":137,"column":47}},"95":{"start":{"line":138,"column":17},"end":{"line":138,"column":57}},"96":{"start":{"line":139,"column":4},"end":{"line":141,"column":7}},"97":{"start":{"line":140,"column":6},"end":{"line":140,"column":35}}},"fnMap":{"0":{"name":"(anonymous_0)","decl":{"start":{"line":6,"column":2},"end":{"line":6,"column":3}},"loc":{"start":{"line":6,"column":16},"end":{"line":9,"column":3}},"line":6},"1":{"name":"(anonymous_1)","decl":{"start":{"line":11,"column":2},"end":{"line":11,"column":3}},"loc":{"start":{"line":11,"column":11},"end":{"line":58,"column":3}},"line":11},"2":{"name":"(anonymous_2)","decl":{"start":{"line":50,"column":26},"end":{"line":50,"column":27}},"loc":{"start":{"line":50,"column":35},"end":{"line":57,"column":5}},"line":50},"3":{"name":"(anonymous_3)","decl":{"start":{"line":60,"column":2},"end":{"line":60,"column":3}},"loc":{"start":{"line":60,"column":19},"end":{"line":103,"column":3}},"line":60},"4":{"name":"(anonymous_4)","decl":{"start":{"line":61,"column":31},"end":{"line":61,"column":32}},"loc":{"start":{"line":61,"column":37},"end":{"line":66,"column":5}},"line":61},"5":{"name":"(anonymous_5)","decl":{"start":{"line":82,"column":28},"end":{"line":82,"column":29}},"loc":{"start":{"line":82,"column":37},"end":{"line":89,"column":7}},"line":82},"6":{"name":"(anonymous_6)","decl":{"start":{"line":91,"column":59},"end":{"line":91,"column":60}},"loc":{"start":{"line":91,"column":67},"end":{"line":91,"column":107}},"line":91},"7":{"name":"(anonymous_7)","decl":{"start":{"line":92,"column":65},"end":{"line":92,"column":66}},"loc":{"start":{"line":92,"column":73},"end":{"line":92,"column":127}},"line":92},"8":{"name":"(anonymous_8)","decl":{"start":{"line":105,"column":2},"end":{"line":105,"column":3}},"loc":{"start":{"line":105,"column":25},"end":{"line":109,"column":3}},"line":105},"9":{"name":"(anonymous_9)","decl":{"start":{"line":111,"column":2},"end":{"line":111,"column":3}},"loc":{"start":{"line":111,"column":20},"end":{"line":113,"column":3}},"line":111},"10":{"name":"(anonymous_10)","decl":{"start":{"line":116,"column":2},"end":{"line":116,"column":3}},"loc":{"start":{"line":116,"column":24},"end":{"line":118,"column":3}},"line":116},"11":{"name":"(anonymous_11)","decl":{"start":{"line":120,"column":2},"end":{"line":120,"column":3}},"loc":{"start":{"line":120,"column":20},"end":{"line":122,"column":3}},"line":120},"12":{"name":"(anonymous_12)","decl":{"start":{"line":124,"column":2},"end":{"line":124,"column":3}},"loc":{"start":{"line":124,"column":20},"end":{"line":133,"column":3}},"line":124},"13":{"name":"(anonymous_13)","decl":{"start":{"line":135,"column":2},"end":{"line":135,"column":3}},"loc":{"start":{"line":135,"column":23},"end":{"line":142,"column":3}},"line":135},"14":{"name":"(anonymous_14)","decl":{"start":{"line":139,"column":26},"end":{"line":139,"column":27}},"loc":{"start":{"line":139,"column":35},"end":{"line":141,"column":5}},"line":139}},"branchMap":{"0":{"loc":{"start":{"line":67,"column":4},"end":{"line":101,"column":5}},"type":"if","locations":[{"start":{"line":67,"column":4},"end":{"line":101,"column":5}},{"start":{"line":67,"column":4},"end":{"line":101,"column":5}}],"line":67},"1":{"loc":{"start":{"line":70,"column":11},"end":{"line":101,"column":5}},"type":"if","locations":[{"start":{"line":70,"column":11},"end":{"line":101,"column":5}},{"start":{"line":70,"column":11},"end":{"line":101,"column":5}}],"line":70},"2":{"loc":{"start":{"line":90,"column":11},"end":{"line":101,"column":5}},"type":"if","locations":[{"start":{"line":90,"column":11},"end":{"line":101,"column":5}},{"start":{"line":90,"column":11},"end":{"line":101,"column":5}}],"line":90},"3":{"loc":{"start":{"line":91,"column":6},"end":{"line":100,"column":7}},"type":"if","locations":[{"start":{"line":91,"column":6},"end":{"line":100,"column":7}},{"start":{"line":91,"column":6},"end":{"line":100,"column":7}}],"line":91},"4":{"loc":{"start":{"line":127,"column":4},"end":{"line":132,"column":5}},"type":"if","locations":[{"start":{"line":127,"column":4},"end":{"line":132,"column":5}},{"start":{"line":127,"column":4},"end":{"line":132,"column":5}}],"line":127},"5":{"loc":{"start":{"line":129,"column":6},"end":{"line":129,"column":72}},"type":"if","locations":[{"start":{"line":129,"column":6},"end":{"line":129,"column":72}},{"start":{"line":129,"column":6},"end":{"line":129,"column":72}}],"line":129}},"s":{"0":0,"1":0,"2":0,"3":0,"4":0,"5":0,"6":0,"7":0,"8":0,"9":0,"10":0,"11":0,"12":0,"13":0,"14":0,"15":0,"16":0,"17":0,"18":0,"19":0,"20":0,"21":0,"22":0,"23":0,"24":0,"25":0,"26":0,"27":0,"28":0,"29":0,"30":0,"31":0,"32":0,"33":0,"34":0,"35":0,"36":0,"37":0,"38":0,"39":0,"40":0,"41":0,"42":0,"43":0,"44":0,"45":0,"46":0,"47":0,"48":0,"49":0,"50":0,"51":0,"52":0,"53":0,"54":0,"55":0,"56":0,"57":0,"58":0,"59":0,"60":0,"61":0,"62":0,"63":0,"64":0,"65":0,"66":0,"67":0,"68":0,"69":0,"70":0,"71":0,"72":0,"73":0,"74":0,"75":0,"76":0,"77":0,"78":0,"79":0,"80":0,"81":0,"82":0,"83":0,"84":0,"85":0,"86":0,"87":0,"88":0,"89":0,"90":0,"91":0,"92":0,"93":0,"94":0,"95":0,"96":0,"97":0},"f":{"0":0,"1":0,"2":0,"3":0,"4":0,"5":0,"6":0,"7":0,"8":0,"9":0,"10":0,"11":0,"12":0,"13":0,"14":0},"b":{"0":[0,0],"1":[0,0],"2":[0,0],"3":[0,0],"4":[0,0],"5":[0,0]},"_coverageSchema":"43e27e138ebf9cfc5966b082cf9a028302ed4184","hash":"0fb26912154b0cbd383237b5d7f25e833b427342"}
,"D:\\JSSCHOOL\\DzmitryI-2019Q1\\piskel-clone\\src\\screens\\export\\save\\Save.js": {"path":"D:\\JSSCHOOL\\DzmitryI-2019Q1\\piskel-clone\\src\\screens\\export\\save\\Save.js","statementMap":{"0":{"start":{"line":5,"column":4},"end":{"line":5,"column":25}},"1":{"start":{"line":9,"column":23},"end":{"line":9,"column":62}},"2":{"start":{"line":10,"column":4},"end":{"line":10,"column":72}},"3":{"start":{"line":11,"column":23},"end":{"line":11,"column":61}},"4":{"start":{"line":12,"column":27},"end":{"line":12,"column":66}},"5":{"start":{"line":13,"column":4},"end":{"line":13,"column":37}},"6":{"start":{"line":14,"column":4},"end":{"line":14,"column":48}},"7":{"start":{"line":18,"column":19},"end":{"line":18,"column":71}},"8":{"start":{"line":19,"column":23},"end":{"line":19,"column":61}},"9":{"start":{"line":20,"column":19},"end":{"line":20,"column":21}},"10":{"start":{"line":21,"column":4},"end":{"line":21,"column":81}},"11":{"start":{"line":21,"column":39},"end":{"line":21,"column":79}},"12":{"start":{"line":23,"column":22},"end":{"line":23,"column":43}},"13":{"start":{"line":25,"column":4},"end":{"line":27,"column":7}},"14":{"start":{"line":26,"column":6},"end":{"line":26,"column":39}}},"fnMap":{"0":{"name":"(anonymous_0)","decl":{"start":{"line":4,"column":2},"end":{"line":4,"column":3}},"loc":{"start":{"line":4,"column":16},"end":{"line":6,"column":3}},"line":4},"1":{"name":"(anonymous_1)","decl":{"start":{"line":8,"column":2},"end":{"line":8,"column":3}},"loc":{"start":{"line":8,"column":9},"end":{"line":15,"column":3}},"line":8},"2":{"name":"(anonymous_2)","decl":{"start":{"line":17,"column":2},"end":{"line":17,"column":3}},"loc":{"start":{"line":17,"column":14},"end":{"line":28,"column":3}},"line":17},"3":{"name":"(anonymous_3)","decl":{"start":{"line":25,"column":18},"end":{"line":25,"column":19}},"loc":{"start":{"line":25,"column":28},"end":{"line":27,"column":5}},"line":25}},"branchMap":{"0":{"loc":{"start":{"line":21,"column":4},"end":{"line":21,"column":81}},"type":"if","locations":[{"start":{"line":21,"column":4},"end":{"line":21,"column":81}},{"start":{"line":21,"column":4},"end":{"line":21,"column":81}}],"line":21}},"s":{"0":0,"1":0,"2":0,"3":0,"4":0,"5":0,"6":0,"7":0,"8":0,"9":0,"10":0,"11":0,"12":0,"13":0,"14":0},"f":{"0":0,"1":0,"2":0,"3":0},"b":{"0":[0,0]},"_coverageSchema":"43e27e138ebf9cfc5966b082cf9a028302ed4184","hash":"52e499a541e31442604eb191c29bf498d0b9ceb1"}
}
