{"D:\\JSSCHOOL\\DzmitryI-2019Q1\\piskel-clone\\src\\components\\frame-list\\FrameList.js": {"path":"D:\\JSSCHOOL\\DzmitryI-2019Q1\\piskel-clone\\src\\components\\frame-list\\FrameList.js","statementMap":{"0":{"start":{"line":7,"column":4},"end":{"line":7,"column":25}},"1":{"start":{"line":8,"column":4},"end":{"line":8,"column":26}},"2":{"start":{"line":12,"column":27},"end":{"line":12,"column":69}},"3":{"start":{"line":13,"column":34},"end":{"line":13,"column":63}},"4":{"start":{"line":14,"column":4},"end":{"line":14,"column":104}},"5":{"start":{"line":15,"column":21},"end":{"line":15,"column":53}},"6":{"start":{"line":16,"column":33},"end":{"line":16,"column":65}},"7":{"start":{"line":17,"column":4},"end":{"line":17,"column":69}},"8":{"start":{"line":18,"column":4},"end":{"line":18,"column":50}},"9":{"start":{"line":19,"column":29},"end":{"line":19,"column":61}},"10":{"start":{"line":20,"column":4},"end":{"line":20,"column":67}},"11":{"start":{"line":21,"column":4},"end":{"line":21,"column":46}},"12":{"start":{"line":22,"column":32},"end":{"line":22,"column":63}},"13":{"start":{"line":23,"column":4},"end":{"line":23,"column":79}},"14":{"start":{"line":24,"column":4},"end":{"line":24,"column":101}},"15":{"start":{"line":25,"column":4},"end":{"line":25,"column":40}},"16":{"start":{"line":26,"column":23},"end":{"line":26,"column":55}},"17":{"start":{"line":27,"column":4},"end":{"line":27,"column":60}},"18":{"start":{"line":28,"column":4},"end":{"line":28,"column":40}},"19":{"start":{"line":29,"column":4},"end":{"line":29,"column":27}},"20":{"start":{"line":30,"column":4},"end":{"line":30,"column":28}},"21":{"start":{"line":31,"column":4},"end":{"line":31,"column":67}},"22":{"start":{"line":33,"column":19},"end":{"line":33,"column":71}},"23":{"start":{"line":34,"column":20},"end":{"line":34,"column":43}},"24":{"start":{"line":35,"column":4},"end":{"line":35,"column":57}},"25":{"start":{"line":36,"column":22},"end":{"line":36,"column":66}},"26":{"start":{"line":37,"column":16},"end":{"line":37,"column":41}},"27":{"start":{"line":38,"column":4},"end":{"line":38,"column":57}},"28":{"start":{"line":39,"column":4},"end":{"line":39,"column":60}},"29":{"start":{"line":40,"column":4},"end":{"line":40,"column":56}},"30":{"start":{"line":41,"column":4},"end":{"line":41,"column":59}},"31":{"start":{"line":42,"column":4},"end":{"line":42,"column":50}},"32":{"start":{"line":43,"column":4},"end":{"line":43,"column":48}},"33":{"start":{"line":44,"column":4},"end":{"line":44,"column":66}},"34":{"start":{"line":45,"column":4},"end":{"line":45,"column":76}},"35":{"start":{"line":47,"column":17},"end":{"line":47,"column":56}},"36":{"start":{"line":48,"column":4},"end":{"line":55,"column":7}},"37":{"start":{"line":49,"column":6},"end":{"line":49,"column":73}},"38":{"start":{"line":50,"column":6},"end":{"line":50,"column":73}},"39":{"start":{"line":51,"column":6},"end":{"line":51,"column":71}},"40":{"start":{"line":52,"column":6},"end":{"line":52,"column":73}},"41":{"start":{"line":53,"column":6},"end":{"line":53,"column":63}},"42":{"start":{"line":54,"column":6},"end":{"line":54,"column":69}},"43":{"start":{"line":59,"column":31},"end":{"line":64,"column":5}},"44":{"start":{"line":60,"column":27},"end":{"line":60,"column":85}},"45":{"start":{"line":61,"column":6},"end":{"line":63,"column":7}},"46":{"start":{"line":61,"column":19},"end":{"line":61,"column":20}},"47":{"start":{"line":62,"column":8},"end":{"line":62,"column":38}},"48":{"start":{"line":65,"column":4},"end":{"line":105,"column":5}},"49":{"start":{"line":66,"column":6},"end":{"line":69,"column":7}},"50":{"start":{"line":67,"column":8},"end":{"line":67,"column":80}},"51":{"start":{"line":68,"column":8},"end":{"line":68,"column":29}},"52":{"start":{"line":70,"column":11},"end":{"line":105,"column":5}},"53":{"start":{"line":71,"column":30},"end":{"line":71,"column":53}},"54":{"start":{"line":72,"column":24},"end":{"line":72,"column":59}},"55":{"start":{"line":73,"column":28},"end":{"line":73,"column":67}},"56":{"start":{"line":74,"column":27},"end":{"line":74,"column":52}},"57":{"start":{"line":75,"column":18},"end":{"line":75,"column":47}},"58":{"start":{"line":77,"column":6},"end":{"line":77,"column":119}},"59":{"start":{"line":78,"column":6},"end":{"line":78,"column":82}},"60":{"start":{"line":79,"column":6},"end":{"line":81,"column":7}},"61":{"start":{"line":79,"column":56},"end":{"line":79,"column":96}},"62":{"start":{"line":80,"column":8},"end":{"line":80,"column":72}},"63":{"start":{"line":82,"column":6},"end":{"line":82,"column":27}},"64":{"start":{"line":84,"column":19},"end":{"line":84,"column":72}},"65":{"start":{"line":85,"column":6},"end":{"line":92,"column":9}},"66":{"start":{"line":86,"column":8},"end":{"line":86,"column":75}},"67":{"start":{"line":87,"column":8},"end":{"line":87,"column":75}},"68":{"start":{"line":88,"column":8},"end":{"line":88,"column":73}},"69":{"start":{"line":89,"column":8},"end":{"line":89,"column":75}},"70":{"start":{"line":90,"column":8},"end":{"line":90,"column":65}},"71":{"start":{"line":91,"column":8},"end":{"line":91,"column":71}},"72":{"start":{"line":93,"column":11},"end":{"line":105,"column":5}},"73":{"start":{"line":94,"column":6},"end":{"line":104,"column":7}},"74":{"start":{"line":94,"column":67},"end":{"line":94,"column":107}},"75":{"start":{"line":95,"column":8},"end":{"line":95,"column":129}},"76":{"start":{"line":95,"column":73},"end":{"line":95,"column":127}},"77":{"start":{"line":96,"column":8},"end":{"line":96,"column":79}},"78":{"start":{"line":97,"column":23},"end":{"line":97,"column":75}},"79":{"start":{"line":98,"column":20},"end":{"line":98,"column":43}},"80":{"start":{"line":99,"column":23},"end":{"line":99,"column":35}},"81":{"start":{"line":100,"column":8},"end":{"line":100,"column":57}},"82":{"start":{"line":101,"column":8},"end":{"line":101,"column":42}},"83":{"start":{"line":102,"column":8},"end":{"line":102,"column":100}},"84":{"start":{"line":103,"column":8},"end":{"line":103,"column":29}},"85":{"start":{"line":106,"column":4},"end":{"line":106,"column":37}},"86":{"start":{"line":110,"column":4},"end":{"line":110,"column":45}},"87":{"start":{"line":112,"column":4},"end":{"line":112,"column":48}},"88":{"start":{"line":116,"column":4},"end":{"line":116,"column":41}},"89":{"start":{"line":121,"column":4},"end":{"line":121,"column":27}},"90":{"start":{"line":125,"column":4},"end":{"line":125,"column":44}},"91":{"start":{"line":129,"column":27},"end":{"line":129,"column":69}},"92":{"start":{"line":130,"column":4},"end":{"line":130,"column":37}},"93":{"start":{"line":131,"column":4},"end":{"line":136,"column":5}},"94":{"start":{"line":132,"column":20},"end":{"line":132,"column":62}},"95":{"start":{"line":133,"column":6},"end":{"line":133,"column":72}},"96":{"start":{"line":133,"column":38},"end":{"line":133,"column":72}},"97":{"start":{"line":134,"column":18},"end":{"line":134,"column":86}},"98":{"start":{"line":135,"column":6},"end":{"line":135,"column":48}},"99":{"start":{"line":141,"column":4},"end":{"line":141,"column":47}},"100":{"start":{"line":142,"column":17},"end":{"line":142,"column":57}},"101":{"start":{"line":143,"column":4},"end":{"line":145,"column":7}},"102":{"start":{"line":144,"column":6},"end":{"line":144,"column":35}}},"fnMap":{"0":{"name":"(anonymous_0)","decl":{"start":{"line":6,"column":2},"end":{"line":6,"column":3}},"loc":{"start":{"line":6,"column":16},"end":{"line":9,"column":3}},"line":6},"1":{"name":"(anonymous_1)","decl":{"start":{"line":11,"column":2},"end":{"line":11,"column":3}},"loc":{"start":{"line":11,"column":11},"end":{"line":56,"column":3}},"line":11},"2":{"name":"(anonymous_2)","decl":{"start":{"line":48,"column":26},"end":{"line":48,"column":27}},"loc":{"start":{"line":48,"column":35},"end":{"line":55,"column":5}},"line":48},"3":{"name":"(anonymous_3)","decl":{"start":{"line":58,"column":2},"end":{"line":58,"column":3}},"loc":{"start":{"line":58,"column":19},"end":{"line":107,"column":3}},"line":58},"4":{"name":"(anonymous_4)","decl":{"start":{"line":59,"column":31},"end":{"line":59,"column":32}},"loc":{"start":{"line":59,"column":37},"end":{"line":64,"column":5}},"line":59},"5":{"name":"(anonymous_5)","decl":{"start":{"line":79,"column":48},"end":{"line":79,"column":49}},"loc":{"start":{"line":79,"column":56},"end":{"line":79,"column":96}},"line":79},"6":{"name":"(anonymous_6)","decl":{"start":{"line":85,"column":28},"end":{"line":85,"column":29}},"loc":{"start":{"line":85,"column":37},"end":{"line":92,"column":7}},"line":85},"7":{"name":"(anonymous_7)","decl":{"start":{"line":94,"column":59},"end":{"line":94,"column":60}},"loc":{"start":{"line":94,"column":67},"end":{"line":94,"column":107}},"line":94},"8":{"name":"(anonymous_8)","decl":{"start":{"line":95,"column":65},"end":{"line":95,"column":66}},"loc":{"start":{"line":95,"column":73},"end":{"line":95,"column":127}},"line":95},"9":{"name":"(anonymous_9)","decl":{"start":{"line":109,"column":2},"end":{"line":109,"column":3}},"loc":{"start":{"line":109,"column":25},"end":{"line":113,"column":3}},"line":109},"10":{"name":"(anonymous_10)","decl":{"start":{"line":115,"column":2},"end":{"line":115,"column":3}},"loc":{"start":{"line":115,"column":20},"end":{"line":117,"column":3}},"line":115},"11":{"name":"(anonymous_11)","decl":{"start":{"line":120,"column":2},"end":{"line":120,"column":3}},"loc":{"start":{"line":120,"column":24},"end":{"line":122,"column":3}},"line":120},"12":{"name":"(anonymous_12)","decl":{"start":{"line":124,"column":2},"end":{"line":124,"column":3}},"loc":{"start":{"line":124,"column":20},"end":{"line":126,"column":3}},"line":124},"13":{"name":"(anonymous_13)","decl":{"start":{"line":128,"column":2},"end":{"line":128,"column":3}},"loc":{"start":{"line":128,"column":20},"end":{"line":137,"column":3}},"line":128},"14":{"name":"(anonymous_14)","decl":{"start":{"line":139,"column":2},"end":{"line":139,"column":3}},"loc":{"start":{"line":139,"column":23},"end":{"line":146,"column":3}},"line":139},"15":{"name":"(anonymous_15)","decl":{"start":{"line":143,"column":26},"end":{"line":143,"column":27}},"loc":{"start":{"line":143,"column":35},"end":{"line":145,"column":5}},"line":143}},"branchMap":{"0":{"loc":{"start":{"line":65,"column":4},"end":{"line":105,"column":5}},"type":"if","locations":[{"start":{"line":65,"column":4},"end":{"line":105,"column":5}},{"start":{"line":65,"column":4},"end":{"line":105,"column":5}}],"line":65},"1":{"loc":{"start":{"line":66,"column":6},"end":{"line":69,"column":7}},"type":"if","locations":[{"start":{"line":66,"column":6},"end":{"line":69,"column":7}},{"start":{"line":66,"column":6},"end":{"line":69,"column":7}}],"line":66},"2":{"loc":{"start":{"line":70,"column":11},"end":{"line":105,"column":5}},"type":"if","locations":[{"start":{"line":70,"column":11},"end":{"line":105,"column":5}},{"start":{"line":70,"column":11},"end":{"line":105,"column":5}}],"line":70},"3":{"loc":{"start":{"line":79,"column":6},"end":{"line":81,"column":7}},"type":"if","locations":[{"start":{"line":79,"column":6},"end":{"line":81,"column":7}},{"start":{"line":79,"column":6},"end":{"line":81,"column":7}}],"line":79},"4":{"loc":{"start":{"line":93,"column":11},"end":{"line":105,"column":5}},"type":"if","locations":[{"start":{"line":93,"column":11},"end":{"line":105,"column":5}},{"start":{"line":93,"column":11},"end":{"line":105,"column":5}}],"line":93},"5":{"loc":{"start":{"line":94,"column":6},"end":{"line":104,"column":7}},"type":"if","locations":[{"start":{"line":94,"column":6},"end":{"line":104,"column":7}},{"start":{"line":94,"column":6},"end":{"line":104,"column":7}}],"line":94},"6":{"loc":{"start":{"line":131,"column":4},"end":{"line":136,"column":5}},"type":"if","locations":[{"start":{"line":131,"column":4},"end":{"line":136,"column":5}},{"start":{"line":131,"column":4},"end":{"line":136,"column":5}}],"line":131},"7":{"loc":{"start":{"line":133,"column":6},"end":{"line":133,"column":72}},"type":"if","locations":[{"start":{"line":133,"column":6},"end":{"line":133,"column":72}},{"start":{"line":133,"column":6},"end":{"line":133,"column":72}}],"line":133}},"s":{"0":0,"1":0,"2":0,"3":0,"4":0,"5":0,"6":0,"7":0,"8":0,"9":0,"10":0,"11":0,"12":0,"13":0,"14":0,"15":0,"16":0,"17":0,"18":0,"19":0,"20":0,"21":0,"22":0,"23":0,"24":0,"25":0,"26":0,"27":0,"28":0,"29":0,"30":0,"31":0,"32":0,"33":0,"34":0,"35":0,"36":0,"37":0,"38":0,"39":0,"40":0,"41":0,"42":0,"43":0,"44":0,"45":0,"46":0,"47":0,"48":0,"49":0,"50":0,"51":0,"52":0,"53":0,"54":0,"55":0,"56":0,"57":0,"58":0,"59":0,"60":0,"61":0,"62":0,"63":0,"64":0,"65":0,"66":0,"67":0,"68":0,"69":0,"70":0,"71":0,"72":0,"73":0,"74":0,"75":0,"76":0,"77":0,"78":0,"79":0,"80":0,"81":0,"82":0,"83":0,"84":0,"85":0,"86":0,"87":0,"88":0,"89":0,"90":0,"91":0,"92":0,"93":0,"94":0,"95":0,"96":0,"97":0,"98":0,"99":0,"100":0,"101":0,"102":0},"f":{"0":0,"1":0,"2":0,"3":0,"4":0,"5":0,"6":0,"7":0,"8":0,"9":0,"10":0,"11":0,"12":0,"13":0,"14":0,"15":0},"b":{"0":[0,0],"1":[0,0],"2":[0,0],"3":[0,0],"4":[0,0],"5":[0,0],"6":[0,0],"7":[0,0]},"_coverageSchema":"43e27e138ebf9cfc5966b082cf9a028302ed4184","hash":"8f30dab8a8631e12710d2598ab31fb14f8b611c2"}
,"D:\\JSSCHOOL\\DzmitryI-2019Q1\\piskel-clone\\src\\components\\model-dialog\\mouseCoordinatesMove.js": {"path":"D:\\JSSCHOOL\\DzmitryI-2019Q1\\piskel-clone\\src\\components\\model-dialog\\mouseCoordinatesMove.js","statementMap":{"0":{"start":{"line":3,"column":4},"end":{"line":3,"column":25}},"1":{"start":{"line":4,"column":4},"end":{"line":4,"column":37}},"2":{"start":{"line":5,"column":4},"end":{"line":5,"column":37}},"3":{"start":{"line":6,"column":4},"end":{"line":6,"column":39}},"4":{"start":{"line":10,"column":19},"end":{"line":10,"column":71}},"5":{"start":{"line":11,"column":4},"end":{"line":11,"column":74}},"6":{"start":{"line":12,"column":4},"end":{"line":12,"column":77}},"7":{"start":{"line":16,"column":4},"end":{"line":34,"column":6}},"8":{"start":{"line":17,"column":24},"end":{"line":17,"column":61}},"9":{"start":{"line":18,"column":32},"end":{"line":18,"column":78}},"10":{"start":{"line":19,"column":28},"end":{"line":19,"column":85}},"11":{"start":{"line":19,"column":63},"end":{"line":19,"column":75}},"12":{"start":{"line":20,"column":23},"end":{"line":20,"column":25}},"13":{"start":{"line":21,"column":6},"end":{"line":23,"column":70}},"14":{"start":{"line":21,"column":32},"end":{"line":21,"column":63}},"15":{"start":{"line":22,"column":11},"end":{"line":23,"column":70}},"16":{"start":{"line":22,"column":37},"end":{"line":22,"column":68}},"17":{"start":{"line":23,"column":11},"end":{"line":23,"column":70}},"18":{"start":{"line":23,"column":38},"end":{"line":23,"column":70}},"19":{"start":{"line":24,"column":16},"end":{"line":24,"column":29}},"20":{"start":{"line":25,"column":16},"end":{"line":25,"column":29}},"21":{"start":{"line":26,"column":6},"end":{"line":33,"column":7}},"22":{"start":{"line":26,"column":19},"end":{"line":26,"column":20}},"23":{"start":{"line":27,"column":19},"end":{"line":27,"column":54}},"24":{"start":{"line":28,"column":19},"end":{"line":28,"column":54}},"25":{"start":{"line":29,"column":8},"end":{"line":32,"column":9}},"26":{"start":{"line":30,"column":10},"end":{"line":30,"column":122}},"27":{"start":{"line":31,"column":10},"end":{"line":31,"column":16}},"28":{"start":{"line":38,"column":22},"end":{"line":38,"column":59}},"29":{"start":{"line":39,"column":30},"end":{"line":39,"column":76}},"30":{"start":{"line":40,"column":26},"end":{"line":40,"column":83}},"31":{"start":{"line":40,"column":61},"end":{"line":40,"column":73}},"32":{"start":{"line":41,"column":4},"end":{"line":41,"column":74}}},"fnMap":{"0":{"name":"(anonymous_0)","decl":{"start":{"line":2,"column":2},"end":{"line":2,"column":3}},"loc":{"start":{"line":2,"column":57},"end":{"line":7,"column":3}},"line":2},"1":{"name":"(anonymous_1)","decl":{"start":{"line":9,"column":2},"end":{"line":9,"column":3}},"loc":{"start":{"line":9,"column":9},"end":{"line":13,"column":3}},"line":9},"2":{"name":"(anonymous_2)","decl":{"start":{"line":15,"column":2},"end":{"line":15,"column":3}},"loc":{"start":{"line":15,"column":25},"end":{"line":35,"column":3}},"line":15},"3":{"name":"(anonymous_3)","decl":{"start":{"line":16,"column":11},"end":{"line":16,"column":12}},"loc":{"start":{"line":16,"column":22},"end":{"line":34,"column":5}},"line":16},"4":{"name":"(anonymous_4)","decl":{"start":{"line":19,"column":55},"end":{"line":19,"column":56}},"loc":{"start":{"line":19,"column":63},"end":{"line":19,"column":75}},"line":19},"5":{"name":"(anonymous_5)","decl":{"start":{"line":37,"column":2},"end":{"line":37,"column":3}},"loc":{"start":{"line":37,"column":24},"end":{"line":42,"column":3}},"line":37},"6":{"name":"(anonymous_6)","decl":{"start":{"line":40,"column":53},"end":{"line":40,"column":54}},"loc":{"start":{"line":40,"column":61},"end":{"line":40,"column":73}},"line":40}},"branchMap":{"0":{"loc":{"start":{"line":21,"column":6},"end":{"line":23,"column":70}},"type":"if","locations":[{"start":{"line":21,"column":6},"end":{"line":23,"column":70}},{"start":{"line":21,"column":6},"end":{"line":23,"column":70}}],"line":21},"1":{"loc":{"start":{"line":22,"column":11},"end":{"line":23,"column":70}},"type":"if","locations":[{"start":{"line":22,"column":11},"end":{"line":23,"column":70}},{"start":{"line":22,"column":11},"end":{"line":23,"column":70}}],"line":22},"2":{"loc":{"start":{"line":23,"column":11},"end":{"line":23,"column":70}},"type":"if","locations":[{"start":{"line":23,"column":11},"end":{"line":23,"column":70}},{"start":{"line":23,"column":11},"end":{"line":23,"column":70}}],"line":23},"3":{"loc":{"start":{"line":29,"column":8},"end":{"line":32,"column":9}},"type":"if","locations":[{"start":{"line":29,"column":8},"end":{"line":32,"column":9}},{"start":{"line":29,"column":8},"end":{"line":32,"column":9}}],"line":29},"4":{"loc":{"start":{"line":29,"column":12},"end":{"line":29,"column":34}},"type":"binary-expr","locations":[{"start":{"line":29,"column":13},"end":{"line":29,"column":20}},{"start":{"line":29,"column":26},"end":{"line":29,"column":33}}],"line":29}},"s":{"0":0,"1":0,"2":0,"3":0,"4":0,"5":0,"6":0,"7":0,"8":0,"9":0,"10":0,"11":0,"12":0,"13":0,"14":0,"15":0,"16":0,"17":0,"18":0,"19":0,"20":0,"21":0,"22":0,"23":0,"24":0,"25":0,"26":0,"27":0,"28":0,"29":0,"30":0,"31":0,"32":0},"f":{"0":0,"1":0,"2":0,"3":0,"4":0,"5":0,"6":0},"b":{"0":[0,0],"1":[0,0],"2":[0,0],"3":[0,0],"4":[0,0]},"_coverageSchema":"43e27e138ebf9cfc5966b082cf9a028302ed4184","hash":"de81047101cd6afba23a6bd6cab4e77f63e754bc"}
,"D:\\JSSCHOOL\\DzmitryI-2019Q1\\piskel-clone\\src\\screens\\export\\save\\Save.js": {"path":"D:\\JSSCHOOL\\DzmitryI-2019Q1\\piskel-clone\\src\\screens\\export\\save\\Save.js","statementMap":{"0":{"start":{"line":3,"column":18},"end":{"line":3,"column":39}},"1":{"start":{"line":7,"column":4},"end":{"line":7,"column":25}},"2":{"start":{"line":11,"column":23},"end":{"line":11,"column":62}},"3":{"start":{"line":12,"column":4},"end":{"line":12,"column":72}},"4":{"start":{"line":13,"column":23},"end":{"line":13,"column":61}},"5":{"start":{"line":14,"column":27},"end":{"line":14,"column":66}},"6":{"start":{"line":15,"column":4},"end":{"line":15,"column":37}},"7":{"start":{"line":16,"column":4},"end":{"line":16,"column":48}},"8":{"start":{"line":20,"column":19},"end":{"line":20,"column":71}},"9":{"start":{"line":21,"column":23},"end":{"line":21,"column":61}},"10":{"start":{"line":22,"column":19},"end":{"line":22,"column":21}},"11":{"start":{"line":23,"column":4},"end":{"line":23,"column":81}},"12":{"start":{"line":23,"column":39},"end":{"line":23,"column":79}},"13":{"start":{"line":25,"column":4},"end":{"line":27,"column":7}},"14":{"start":{"line":26,"column":6},"end":{"line":26,"column":39}}},"fnMap":{"0":{"name":"(anonymous_0)","decl":{"start":{"line":6,"column":2},"end":{"line":6,"column":3}},"loc":{"start":{"line":6,"column":16},"end":{"line":8,"column":3}},"line":6},"1":{"name":"(anonymous_1)","decl":{"start":{"line":10,"column":2},"end":{"line":10,"column":3}},"loc":{"start":{"line":10,"column":9},"end":{"line":17,"column":3}},"line":10},"2":{"name":"(anonymous_2)","decl":{"start":{"line":19,"column":2},"end":{"line":19,"column":3}},"loc":{"start":{"line":19,"column":14},"end":{"line":28,"column":3}},"line":19},"3":{"name":"(anonymous_3)","decl":{"start":{"line":25,"column":18},"end":{"line":25,"column":19}},"loc":{"start":{"line":25,"column":28},"end":{"line":27,"column":5}},"line":25}},"branchMap":{"0":{"loc":{"start":{"line":23,"column":4},"end":{"line":23,"column":81}},"type":"if","locations":[{"start":{"line":23,"column":4},"end":{"line":23,"column":81}},{"start":{"line":23,"column":4},"end":{"line":23,"column":81}}],"line":23}},"s":{"0":1,"1":0,"2":0,"3":0,"4":0,"5":0,"6":0,"7":0,"8":0,"9":0,"10":0,"11":0,"12":0,"13":0,"14":0},"f":{"0":0,"1":0,"2":0,"3":0},"b":{"0":[0,0]},"_coverageSchema":"43e27e138ebf9cfc5966b082cf9a028302ed4184","hash":"e186ca9ba22b93e085a46968b1905b5092abd52f"}
,"D:\\JSSCHOOL\\DzmitryI-2019Q1\\piskel-clone\\src\\utils\\assetsTransformer.js": {"path":"D:\\JSSCHOOL\\DzmitryI-2019Q1\\piskel-clone\\src\\utils\\assetsTransformer.js","statementMap":{"0":{"start":{"line":1,"column":13},"end":{"line":1,"column":28}},"1":{"start":{"line":3,"column":0},"end":{"line":7,"column":2}},"2":{"start":{"line":5,"column":4},"end":{"line":5,"column":74}}},"fnMap":{"0":{"name":"(anonymous_0)","decl":{"start":{"line":4,"column":2},"end":{"line":4,"column":3}},"loc":{"start":{"line":4,"column":42},"end":{"line":6,"column":3}},"line":4}},"branchMap":{},"s":{"0":1,"1":1,"2":0},"f":{"0":0},"b":{},"_coverageSchema":"43e27e138ebf9cfc5966b082cf9a028302ed4184","hash":"5a2046129c73d4c6b5646bf52ba5b2a39cbe4aa9"}
}
